[Licensing::Module] Trying to connect to existing licensing client channel...
[Licensing::IpcConnector] Successfully connected to: "LicenseClient-PappKriszti치n" at "2025-11-07T11:41:19.5880048Z"
Built from '6000.2/respin/6000.2.8f1-e4064264ae96' branch; Version is '6000.2.8f1 (c9992ac36c34) revision 13211946'; Using compiler version '194234433'; Build Type 'Release'
OS: 'Windows 11  (10.0.26200) 64bit Professional' Language: 'hu' Physical Memory: 32475 MB
BatchMode: 1, IsHumanControllingUs: 0, StartBugReporterOnCrash: 0, Is64bit: 1
Date: 2025-11-07T11:41:19Z

COMMAND LINE ARGUMENTS:
C:\Program Files\Unity\Hub\Editor\6000.2.8f1\Editor\Unity.exe
-adb2
-batchMode
-noUpm
-name
AssetImportWorker11
-projectPath
C:/Unity/VR_Learning
-logFile
Logs/AssetImportWorker11.log
-srvPort
50457
-licensingIpc
LicenseClient-PappKriszti치n
-job-worker-count
9
-background-job-worker-count
8
-gc-helper-count
1
-name
AssetImport
Successfully changed project path to: C:/Unity/VR_Learning
C:/Unity/VR_Learning
[UnityMemory] Configuration Parameters - Can be set up in boot.config
    "memorysetup-allocator-temp-initial-block-size-main=262144"
    "memorysetup-allocator-temp-initial-block-size-worker=262144"
    "memorysetup-bucket-allocator-granularity=16"
    "memorysetup-bucket-allocator-bucket-count=8"
    "memorysetup-bucket-allocator-block-size=33554432"
    "memorysetup-bucket-allocator-block-count=8"
    "memorysetup-main-allocator-block-size=16777216"
    "memorysetup-thread-allocator-block-size=16777216"
    "memorysetup-gfx-main-allocator-block-size=16777216"
    "memorysetup-gfx-thread-allocator-block-size=16777216"
    "memorysetup-cache-allocator-block-size=4194304"
    "memorysetup-typetree-allocator-block-size=2097152"
    "memorysetup-profiler-bucket-allocator-granularity=16"
    "memorysetup-profiler-bucket-allocator-bucket-count=8"
    "memorysetup-profiler-bucket-allocator-block-size=33554432"
    "memorysetup-profiler-bucket-allocator-block-count=8"
    "memorysetup-profiler-allocator-block-size=16777216"
    "memorysetup-profiler-editor-allocator-block-size=1048576"
    "memorysetup-temp-allocator-size-main=16777216"
    "memorysetup-job-temp-allocator-block-size=2097152"
    "memorysetup-job-temp-allocator-block-size-background=1048576"
    "memorysetup-job-temp-allocator-reduction-small-platforms=262144"
    "memorysetup-temp-allocator-size-background-worker=32768"
    "memorysetup-temp-allocator-size-job-worker=262144"
    "memorysetup-temp-allocator-size-preload-manager=33554432"
    "memorysetup-temp-allocator-size-nav-mesh-worker=65536"
    "memorysetup-temp-allocator-size-audio-worker=65536"
    "memorysetup-temp-allocator-size-cloud-worker=32768"
    "memorysetup-temp-allocator-size-gi-baking-worker=262144"
    "memorysetup-temp-allocator-size-gi-baking-worker=262144"
    "memorysetup-temp-allocator-size-gi-baking-worker=262144"
    "memorysetup-temp-allocator-size-gi-baking-worker=262144"
    "memorysetup-temp-allocator-size-gi-baking-worker=262144"
    "memorysetup-temp-allocator-size-gfx=262144"
Player connection [10380]  Target information:

Player connection [10380]  * "[IP] 192.168.0.5 [Port] 0 [Flags] 2 [Guid] 2776296955 [EditorId] 2776296955 [Version] 1048832 [Id] WindowsEditor(7,FX000068) [Debug] 1 [PackageName] WindowsEditor [ProjectName] Editor" 

Player connection [10380] Host joined multi-casting on [225.0.0.222:54997]...
Player connection [10380] Host joined alternative multi-casting on [225.0.0.222:34997]...
JobSystem: Creating JobQueue using job-worker-count value 9
Input System module state changed to: Initialized.
[Physics::Module] Initialized fallback backend.
[Physics::Module] Id: 0xdecafbad
[Licensing::Client] Code 10 while verifying Licensing Client signature (process Id: 6916, path: "C:/Program Files/Unity Hub/UnityLicensingClient_V1/Unity.Licensing.Client.exe")
[Licensing::Module] LicensingClient has failed validation; ignoring
[Licensing::Client] Handshaking with LicensingClient:
  Version:                 1.17.3+a4e98f1
  Session Id:              d0ab4446f7794199a1e70bbf66050b05
  Correlation Id:          b3785f74fe98201aa96b4b77323b1eba
  External correlation Id: 7459163301095817399
  Machine Id:              nsQ3GV/o53UlCwt1GdV2bh9ElZk=
[Licensing::Module] Successfully connected to LicensingClient on channel: "LicenseClient-PappKriszti치n" (connect: 0.00s, validation: 0.00s, handshake: 0.03s)
[Licensing::IpcConnector] Successfully connected to: "LicenseClient-PappKriszti치n-notifications" at "2025-11-07T11:41:19.6216832Z"
[Licensing::Module] Licensing Background thread has ended after 0.03s
Library Redirect Path: Library/
[Physics::Module] Selected backend.
[Physics::Module] Name: PhysX
[Physics::Module] Id: 0xf2b8ea05
[Physics::Module] SDK Version: 4.1.2
[Physics::Module] Integration Version: 1.0.0
[Physics::Module] Threading Mode: Multi-Threaded
Refreshing native plugins compatible for Editor in 16.31 ms, found 12 plugins.
Preloading 2 native plugins for Editor in 1.08 ms.
Initialize engine version: 6000.2.8f1 (c9992ac36c34)
[Subsystems] Discovering subsystems at path C:/Program Files/Unity/Hub/Editor/6000.2.8f1/Editor/Data/Resources/UnitySubsystems
[Subsystems] Discovering subsystems at path C:/Unity/VR_Learning/Assets
GfxDevice: creating device client; kGfxThreadingModeNonThreaded
Direct3D:
    Version:  Direct3D 11.0 [level 11.1]
    Renderer: NVIDIA GeForce RTX 5050 Laptop GPU (ID=0x2dd8)
    Vendor:   NVIDIA
    VRAM:     7822 MB
    Driver:   32.0.15.7659
Initialize mono
Mono path[0] = 'C:/Program Files/Unity/Hub/Editor/6000.2.8f1/Editor/Data/Managed'
Mono path[1] = 'C:/Program Files/Unity/Hub/Editor/6000.2.8f1/Editor/Data/MonoBleedingEdge/lib/mono/unityjit-win32'
Mono config path = 'C:/Program Files/Unity/Hub/Editor/6000.2.8f1/Editor/Data/MonoBleedingEdge/etc'
Using monoOptions --debugger-agent=transport=dt_socket,embedding=1,server=y,suspend=n,address=127.0.0.1:56572
Begin MonoManager ReloadAssembly
Registering precompiled unity dll's ...
Register platform support module: C:/Program Files/Unity/Hub/Editor/6000.2.8f1/Editor/Data/PlaybackEngines/WindowsStandaloneSupport/UnityEditor.WindowsStandalone.Extensions.dll
[Licensing::Client] Successfully resolved entitlement details
[Licensing::Module] License group:
  Id: 7972506397014-UnityPersXXXX
  Product: Unity Personal
  Type: Assigned
  Expiration: Unlimited
Register platform support module: C:/Program Files/Unity/Hub/Editor/6000.2.8f1/Editor/Data/PlaybackEngines/AndroidPlayer/UnityEditor.Android.Extensions.dll
Registered in 0.003086 seconds.
- Loaded All Assemblies, in  0.286 seconds
Native extension for Android target not found
Android Extension - Scanning For ADB Devices 189 ms
Native extension for WindowsStandalone target not found
Mono: successfully reloaded assembly
- Finished resetting the current domain, in  0.494 seconds
Domain Reload Profiling: 778ms
	BeginReloadAssembly (95ms)
		ExecutionOrderSort (0ms)
		DisableScriptedObjects (0ms)
		BackupInstance (0ms)
		ReleaseScriptingObjects (0ms)
		CreateAndSetChildDomain (1ms)
	RebuildCommonClasses (26ms)
	RebuildNativeTypeToScriptingClass (8ms)
	initialDomainReloadingComplete (37ms)
	LoadAllAssembliesAndSetupDomain (118ms)
		LoadAssemblies (94ms)
		RebuildTransferFunctionScriptingTraits (0ms)
		AnalyzeDomain (115ms)
			TypeCache.Refresh (114ms)
				TypeCache.ScanAssembly (104ms)
			BuildScriptInfoCaches (0ms)
			ResolveRequiredComponents (0ms)
	FinalizeReload (494ms)
		ReleaseScriptCaches (0ms)
		RebuildScriptCaches (0ms)
		SetupLoadedEditorAssemblies (457ms)
			LogAssemblyErrors (0ms)
			InitializePlatformSupportModulesInManaged (271ms)
			SetLoadedEditorAssemblies (3ms)
			BeforeProcessingInitializeOnLoad (48ms)
			ProcessInitializeOnLoadAttributes (94ms)
			ProcessInitializeOnLoadMethodAttributes (41ms)
			AfterProcessingInitializeOnLoad (0ms)
			EditorAssembliesLoaded (0ms)
		ExecutionOrderSort2 (0ms)
		AwakeInstancesAfterBackupRestoration (0ms)
========================================================================
Worker process is ready to serve import requests
Import Worker Mode flag is 0x00
Begin MonoManager ReloadAssembly
[Licensing::Client] Successfully resolved entitlement details
Duplicate assembly 'System.Runtime.CompilerServices.Unsafe.dll' with different versions detected, using 'Packages/com.unity.collections/Unity.Collections.Tests/System.Runtime.CompilerServices.Unsafe/System.Runtime.CompilerServices.Unsafe.dll, AssemblyName=System.Runtime.CompilerServices.Unsafe, Version=6.0.0.0, Culture=neutral, PublicKeyToken=b03f5f7f11d50a3a' and ignoring 'Packages/com.unity.ai.assistant/Plugins/Markdig/Dependencies/System.Runtime.CompilerServices.Unsafe.dll, AssemblyName=System.Runtime.CompilerServices.Unsafe, Version=4.0.6.0, Culture=neutral, PublicKeyToken=b03f5f7f11d50a3a'.Symbol file LoadedFromMemory is not a mono symbol file
Symbol file LoadedFromMemory is not a mono symbol file
- Loaded All Assemblies, in  0.763 seconds
Refreshing native plugins compatible for Editor in 6.33 ms, found 12 plugins.
Native extension for Android target not found
Native extension for WindowsStandalone target not found
Package Manager log level set to [2]
[Package Manager] Failed to launch server process. Reason: Unity was launched with the -noUpm command-line argument
[Package Manager] Unable to send message (not connected to server process).
[Package Manager] Cannot connect to Unity Package Manager local server
[Package Manager] Failed to launch server process. Reason: Unity was launched with the -noUpm command-line argument
[Package Manager] Unable to send message (not connected to server process).
[Package Manager] Cannot connect to Unity Package Manager local server
System.Reflection.TargetInvocationException: Exception has been thrown by the target of an invocation. ---> System.NullReferenceException: Object reference not set to an instance of an object
  at Unity.XR.Oculus.OculusLoader.AssetPathToAbsolutePath (System.String assetPath) [0x0003d] in .\Library\PackageCache\com.unity.xr.oculus@44578ba4bd45\Runtime\OculusLoader.cs:312 
  at Unity.XR.Oculus.OculusLoader.EditorLoadOVRPlugin () [0x0008c] in .\Library\PackageCache\com.unity.xr.oculus@44578ba4bd45\Runtime\OculusLoader.cs:297 
  at (wrapper managed-to-native) System.Reflection.RuntimeMethodInfo.InternalInvoke(System.Reflection.RuntimeMethodInfo,object,object[],System.Exception&)
  at System.Reflection.RuntimeMethodInfo.Invoke (System.Object obj, System.Reflection.BindingFlags invokeAttr, System.Reflection.Binder binder, System.Object[] parameters, System.Globalization.CultureInfo culture) [0x0006a] in <715c8f689fc74561a4fef078d73c94aa>:0 
   --- End of inner exception stack trace ---
  at System.Reflection.RuntimeMethodInfo.Invoke (System.Object obj, System.Reflection.BindingFlags invokeAttr, System.Reflection.Binder binder, System.Object[] parameters, System.Globalization.CultureInfo culture) [0x00083] in <715c8f689fc74561a4fef078d73c94aa>:0 
  at System.Reflection.MethodBase.Invoke (System.Object obj, System.Object[] parameters) [0x00000] in <715c8f689fc74561a4fef078d73c94aa>:0 
  at UnityEditor.EditorAssemblies.ProcessInitializeOnLoadMethodAttributes () [0x00087] in <f255d7ad41bf4adf8576cc6ca3827ea0>:0 
UnityEngine.Debug:ExtractStackTraceNoAlloc (byte*,int,string)
UnityEngine.StackTraceUtility:ExtractStackTrace ()
UnityEngine.DebugLogHandler:Internal_Log (UnityEngine.LogType,UnityEngine.LogOption,string,UnityEngine.Object)
UnityEngine.DebugLogHandler:LogFormat (UnityEngine.LogType,UnityEngine.Object,string,object[])
UnityEngine.Logger:Log (UnityEngine.LogType,object)
UnityEngine.Debug:LogError (object)
UnityEditor.EditorAssemblies:ProcessInitializeOnLoadMethodAttributes ()

[MODES] ModeService[none].Initialize
[MODES] ModeService[none].LoadModes
[MODES] Loading mode Default (0) for mode-current-id-Modern Room
Mono: successfully reloaded assembly
[Package Manager] Failed to launch server process. Reason: Unity was launched with the -noUpm command-line argument
[Package Manager] Unable to send message (not connected to server process).
[Package Manager] Cannot connect to Unity Package Manager local server
[Package Manager] Failed to launch server process. Reason: Unity was launched with the -noUpm command-line argument
[Package Manager] Unable to send message (not connected to server process).
[Package Manager] Cannot connect to Unity Package Manager local server
- Finished resetting the current domain, in  0.825 seconds
Domain Reload Profiling: 1585ms
	BeginReloadAssembly (133ms)
		ExecutionOrderSort (0ms)
		DisableScriptedObjects (5ms)
		BackupInstance (0ms)
		ReleaseScriptingObjects (0ms)
		CreateAndSetChildDomain (22ms)
	RebuildCommonClasses (27ms)
	RebuildNativeTypeToScriptingClass (8ms)
	initialDomainReloadingComplete (30ms)
	LoadAllAssembliesAndSetupDomain (560ms)
		LoadAssemblies (327ms)
		RebuildTransferFunctionScriptingTraits (0ms)
		AnalyzeDomain (307ms)
			TypeCache.Refresh (244ms)
				TypeCache.ScanAssembly (227ms)
			BuildScriptInfoCaches (49ms)
			ResolveRequiredComponents (9ms)
	FinalizeReload (825ms)
		ReleaseScriptCaches (0ms)
		RebuildScriptCaches (0ms)
		SetupLoadedEditorAssemblies (666ms)
			LogAssemblyErrors (0ms)
			InitializePlatformSupportModulesInManaged (10ms)
			SetLoadedEditorAssemblies (4ms)
			BeforeProcessingInitializeOnLoad (130ms)
			ProcessInitializeOnLoadAttributes (296ms)
			ProcessInitializeOnLoadMethodAttributes (221ms)
			AfterProcessingInitializeOnLoad (3ms)
			EditorAssembliesLoaded (0ms)
		ExecutionOrderSort2 (0ms)
		AwakeInstancesAfterBackupRestoration (4ms)
Launched and connected shader compiler UnityShaderCompiler.exe after 0.01 seconds
Refreshing native plugins compatible for Editor in 11.92 ms, found 12 plugins.
Preloading 2 native plugins for Editor in 0.22 ms.
Unloading 56 Unused Serialized files (Serialized files now loaded: 0)
Unloading 8564 unused Assets / (18.8 MB). Loaded Objects now: 9326.
Memory consumption went from 183.1 MB to 164.3 MB.
Total: 14.980600 ms (FindLiveObjects: 0.791500 ms CreateObjectMapping: 0.687300 ms MarkObjects: 7.505000 ms  DeleteObjects: 5.993800 ms)

========================================================================
Received Import Request.
  Time since last request: 753419.925959 seconds.
  path: Assets/_Course Library/_Prefabs/Televisions
  artifactKey: Guid(e59171cfb707b4906ada5f378ce3b411) Importer(815301076,1909f56bfc062723c751e8b465ee728b)
Start importing Assets/_Course Library/_Prefabs/Televisions using Guid(e59171cfb707b4906ada5f378ce3b411) Importer(815301076,1909f56bfc062723c751e8b465ee728b) (PreviewImporter) -> (artifact id: 'e24090acd378a1332e0f75d98f38eff0') in 0.0040321 seconds
Number of updated asset objects reloaded before import = 0Number of asset objects unloaded after import = 0

========================================================================
Received Import Request.
  Time since last request: 0.059086 seconds.
  path: Assets/_Course Library/_Prefabs/Televisions/TV_FlatWallMounted.prefab
  artifactKey: Guid(a3051c696c83442f8b9a1c115ffa2359) Importer(815301076,1909f56bfc062723c751e8b465ee728b)
Start importing Assets/_Course Library/_Prefabs/Televisions/TV_FlatWallMounted.prefab using Guid(a3051c696c83442f8b9a1c115ffa2359) Importer(815301076,1909f56bfc062723c751e8b465ee728b) (PreviewImporter) -> (artifact id: '354afc7f7f7a1c2300fcbb08af148f66') in 0.3867249 seconds
Number of updated asset objects reloaded before import = 0Number of asset objects unloaded after import = 21

========================================================================
Received Import Request.
  Time since last request: 27.768931 seconds.
  path: Assets/_Course Library/_Prefabs/Fireplaces
  artifactKey: Guid(bbe11c6a4e61e4be3aa2a6366b2d0f86) Importer(815301076,1909f56bfc062723c751e8b465ee728b)
Start importing Assets/_Course Library/_Prefabs/Fireplaces using Guid(bbe11c6a4e61e4be3aa2a6366b2d0f86) Importer(815301076,1909f56bfc062723c751e8b465ee728b) (PreviewImporter) -> (artifact id: '05dffb3feee6988b3d262adb8f3960b7') in 0.0005707 seconds
Number of updated asset objects reloaded before import = 0Number of asset objects unloaded after import = 0

========================================================================
Received Import Request.
  Time since last request: 0.097842 seconds.
  path: Assets/_Course Library/_Prefabs/Fireplaces/Fireplace_Modern.prefab
  artifactKey: Guid(f654ef212370c2948b593977bd733164) Importer(815301076,1909f56bfc062723c751e8b465ee728b)
Start importing Assets/_Course Library/_Prefabs/Fireplaces/Fireplace_Modern.prefab using Guid(f654ef212370c2948b593977bd733164) Importer(815301076,1909f56bfc062723c751e8b465ee728b) (PreviewImporter) -> (artifact id: '689ca2acba9f8bdb628f1be04b7e1ff5') in 0.1113283 seconds
Number of updated asset objects reloaded before import = 0Number of asset objects unloaded after import = 115

========================================================================
Received Import Request.
  Time since last request: 42.852624 seconds.
  path: Assets/_Course Library/_Prefabs/Rugs
  artifactKey: Guid(3c4df7fcbe8f540d19e104d70f3c2552) Importer(815301076,1909f56bfc062723c751e8b465ee728b)
Start importing Assets/_Course Library/_Prefabs/Rugs using Guid(3c4df7fcbe8f540d19e104d70f3c2552) Importer(815301076,1909f56bfc062723c751e8b465ee728b) (PreviewImporter) -> (artifact id: '0e9457e6fb3ca731dd24c870c03f9975') in 0.0005909 seconds
Number of updated asset objects reloaded before import = 0Number of asset objects unloaded after import = 0

========================================================================
Received Import Request.
  Time since last request: 0.084296 seconds.
  path: Assets/_Course Library/_Prefabs/Rugs/Mat_Rect_Black.prefab
  artifactKey: Guid(7d586b4a941812f4c96edf51d20fdc73) Importer(815301076,1909f56bfc062723c751e8b465ee728b)
Start importing Assets/_Course Library/_Prefabs/Rugs/Mat_Rect_Black.prefab using Guid(7d586b4a941812f4c96edf51d20fdc73) Importer(815301076,1909f56bfc062723c751e8b465ee728b) (PreviewImporter) -> (artifact id: 'c8c3f9fead57534a8ba8e05e6152299e') in 0.0671857 seconds
Number of updated asset objects reloaded before import = 0Number of asset objects unloaded after import = 18

========================================================================
Received Import Request.
  Time since last request: 0.000037 seconds.
  path: Assets/_Course Library/_Prefabs/Rugs/Rug_Rect_Purple.prefab
  artifactKey: Guid(e5b6e40db88c14344b1b380c0e966e20) Importer(815301076,1909f56bfc062723c751e8b465ee728b)
Start importing Assets/_Course Library/_Prefabs/Rugs/Rug_Rect_Purple.prefab using Guid(e5b6e40db88c14344b1b380c0e966e20) Importer(815301076,1909f56bfc062723c751e8b465ee728b) (PreviewImporter) -> (artifact id: 'df004cc9b66e5a1e472574026cc818ee') in 0.0303624 seconds
Number of updated asset objects reloaded before import = 0Number of asset objects unloaded after import = 10

========================================================================
Received Import Request.
  Time since last request: 47.075209 seconds.
  path: Assets/_Course Library/_Prefabs/Art
  artifactKey: Guid(c62afc3c4cc81429babf50436768194c) Importer(815301076,1909f56bfc062723c751e8b465ee728b)
Start importing Assets/_Course Library/_Prefabs/Art using Guid(c62afc3c4cc81429babf50436768194c) Importer(815301076,1909f56bfc062723c751e8b465ee728b) (PreviewImporter) -> (artifact id: 'ea58f30a9fc9cc74e31162a88c4d1411') in 0.0008391 seconds
Number of updated asset objects reloaded before import = 0Number of asset objects unloaded after import = 0

========================================================================
Received Import Request.
  Time since last request: 0.115593 seconds.
  path: Assets/_Course Library/_Prefabs/Art/Art_Painting_Birds.prefab
  artifactKey: Guid(2cdc705002a6a784580137dd120e64e7) Importer(815301076,1909f56bfc062723c751e8b465ee728b)
Start importing Assets/_Course Library/_Prefabs/Art/Art_Painting_Birds.prefab using Guid(2cdc705002a6a784580137dd120e64e7) Importer(815301076,1909f56bfc062723c751e8b465ee728b) (PreviewImporter) -> (artifact id: '9fc526e1b877c0f39ab25add42bcdb51') in 0.031313 seconds
Number of updated asset objects reloaded before import = 0Number of asset objects unloaded after import = 10

========================================================================
Received Import Request.
  Time since last request: 0.000057 seconds.
  path: Assets/_Course Library/_Prefabs/Art/Art_Painting_Swan.prefab
  artifactKey: Guid(a3e93e0121486e340ac0796260e744ab) Importer(815301076,1909f56bfc062723c751e8b465ee728b)
Start importing Assets/_Course Library/_Prefabs/Art/Art_Painting_Swan.prefab using Guid(a3e93e0121486e340ac0796260e744ab) Importer(815301076,1909f56bfc062723c751e8b465ee728b) (PreviewImporter) -> (artifact id: 'a2e4957f880b910c8b7c38c1b167c1eb') in 0.0303484 seconds
Number of updated asset objects reloaded before import = 0Number of asset objects unloaded after import = 10

========================================================================
Received Import Request.
  Time since last request: 29.367757 seconds.
  path: Assets/_Course Library/_Prefabs/Bins
  artifactKey: Guid(a5ecb0306d35a4162a33836f2fac2b2a) Importer(815301076,1909f56bfc062723c751e8b465ee728b)
Start importing Assets/_Course Library/_Prefabs/Bins using Guid(a5ecb0306d35a4162a33836f2fac2b2a) Importer(815301076,1909f56bfc062723c751e8b465ee728b) (PreviewImporter) -> (artifact id: 'defe362b7986b11944fa0dd92b52efc8') in 0.0005789 seconds
Number of updated asset objects reloaded before import = 0Number of asset objects unloaded after import = 0

========================================================================
Received Import Request.
  Time since last request: 0.046844 seconds.
  path: Assets/_Course Library/_Prefabs/Bins/Bin_Round_Blue.prefab
  artifactKey: Guid(1ce821d9e7282cd498277a5e5cf36f05) Importer(815301076,1909f56bfc062723c751e8b465ee728b)
Start importing Assets/_Course Library/_Prefabs/Bins/Bin_Round_Blue.prefab using Guid(1ce821d9e7282cd498277a5e5cf36f05) Importer(815301076,1909f56bfc062723c751e8b465ee728b) (PreviewImporter) -> (artifact id: 'd90b12a0051c8e81128a00ebc3a17b67') in 0.026002 seconds
Number of updated asset objects reloaded before import = 0Number of asset objects unloaded after import = 36

========================================================================
Received Import Request.
  Time since last request: 0.000022 seconds.
  path: Assets/_Course Library/_Prefabs/Bins/Bin_Square_White.prefab
  artifactKey: Guid(dbe7b9e1570050841a8f1d6f3ee2629f) Importer(815301076,1909f56bfc062723c751e8b465ee728b)
Start importing Assets/_Course Library/_Prefabs/Bins/Bin_Square_White.prefab using Guid(dbe7b9e1570050841a8f1d6f3ee2629f) Importer(815301076,1909f56bfc062723c751e8b465ee728b) (PreviewImporter) -> (artifact id: 'cc38b41896a86fd1a804adba63fbebf5') in 0.036268 seconds
Number of updated asset objects reloaded before import = 0Number of asset objects unloaded after import = 10

========================================================================
Received Import Request.
  Time since last request: 3.093301 seconds.
  path: Assets/_Course Library/_Prefabs/Controls
  artifactKey: Guid(53c9d8151c476476f840643e5837f9a6) Importer(815301076,1909f56bfc062723c751e8b465ee728b)
Start importing Assets/_Course Library/_Prefabs/Controls using Guid(53c9d8151c476476f840643e5837f9a6) Importer(815301076,1909f56bfc062723c751e8b465ee728b) (PreviewImporter) -> (artifact id: '249162a329c8ecc9b1c6abdd1521d651') in 0.0007649 seconds
Number of updated asset objects reloaded before import = 0Number of asset objects unloaded after import = 0

========================================================================
Received Import Request.
  Time since last request: 0.053589 seconds.
  path: Assets/_Course Library/_Prefabs/Controls/Control_Button.prefab
  artifactKey: Guid(4350e15b07f2fc44483310bd26db1d49) Importer(815301076,1909f56bfc062723c751e8b465ee728b)
Start importing Assets/_Course Library/_Prefabs/Controls/Control_Button.prefab using Guid(4350e15b07f2fc44483310bd26db1d49) Importer(815301076,1909f56bfc062723c751e8b465ee728b) (PreviewImporter) -> (artifact id: '2f4c9e8248d89e84b70526e9593c15d5') in 0.0309751 seconds
Number of updated asset objects reloaded before import = 0Number of asset objects unloaded after import = 10

========================================================================
Received Import Request.
  Time since last request: 0.000020 seconds.
  path: Assets/_Course Library/_Prefabs/Controls/Control_Button_Play.prefab
  artifactKey: Guid(428d8ab7f1bad63438fe7b60f6414cc2) Importer(815301076,1909f56bfc062723c751e8b465ee728b)
Start importing Assets/_Course Library/_Prefabs/Controls/Control_Button_Play.prefab using Guid(428d8ab7f1bad63438fe7b60f6414cc2) Importer(815301076,1909f56bfc062723c751e8b465ee728b) (PreviewImporter) -> (artifact id: 'a5544d76ad3b55d856be05766d4fcc4e') in 0.0293392 seconds
Number of updated asset objects reloaded before import = 0Number of asset objects unloaded after import = 10

========================================================================
Received Import Request.
  Time since last request: 0.000026 seconds.
  path: Assets/_Course Library/_Prefabs/Controls/Control_Knob.prefab
  artifactKey: Guid(704ff36a9c354164f8eab01deabb38ae) Importer(815301076,1909f56bfc062723c751e8b465ee728b)
Start importing Assets/_Course Library/_Prefabs/Controls/Control_Knob.prefab using Guid(704ff36a9c354164f8eab01deabb38ae) Importer(815301076,1909f56bfc062723c751e8b465ee728b) (PreviewImporter) -> (artifact id: '28264a56c06b42469000a4aa00416b7f') in 0.0293147 seconds
Number of updated asset objects reloaded before import = 0Number of asset objects unloaded after import = 10

========================================================================
Received Import Request.
  Time since last request: 0.000037 seconds.
  path: Assets/_Course Library/_Prefabs/Controls/Control_Slider_Gray.prefab
  artifactKey: Guid(87ca67a8e46a8f54b853a2f5381e91c5) Importer(815301076,1909f56bfc062723c751e8b465ee728b)
Start importing Assets/_Course Library/_Prefabs/Controls/Control_Slider_Gray.prefab using Guid(87ca67a8e46a8f54b853a2f5381e91c5) Importer(815301076,1909f56bfc062723c751e8b465ee728b) (PreviewImporter) -> (artifact id: 'f4d55ca9a6c150937fb91007d362fe7c') in 0.0317084 seconds
Number of updated asset objects reloaded before import = 0Number of asset objects unloaded after import = 18

========================================================================
Received Import Request.
  Time since last request: 7.889021 seconds.
  path: Assets/_Course Library/_Prefabs/Lighting
  artifactKey: Guid(ed90ab490f62c4056a7e90df2d38bfff) Importer(815301076,1909f56bfc062723c751e8b465ee728b)
Start importing Assets/_Course Library/_Prefabs/Lighting using Guid(ed90ab490f62c4056a7e90df2d38bfff) Importer(815301076,1909f56bfc062723c751e8b465ee728b) (PreviewImporter) -> (artifact id: 'c38d59758af6dd8d37ab90eab60716ef') in 0.0005773 seconds
Number of updated asset objects reloaded before import = 0Number of asset objects unloaded after import = 0

========================================================================
Received Import Request.
  Time since last request: 0.122633 seconds.
  path: Assets/_Course Library/_Prefabs/Lighting/CeilingFan.prefab
  artifactKey: Guid(a742bb07c68d7b644ab99195b3b5eeb7) Importer(815301076,1909f56bfc062723c751e8b465ee728b)
Start importing Assets/_Course Library/_Prefabs/Lighting/CeilingFan.prefab using Guid(a742bb07c68d7b644ab99195b3b5eeb7) Importer(815301076,1909f56bfc062723c751e8b465ee728b) (PreviewImporter) -> (artifact id: 'dd8ebe197e43a1aa43acecc729302256') in 0.026787 seconds
Number of updated asset objects reloaded before import = 0Number of asset objects unloaded after import = 30

========================================================================
Received Import Request.
  Time since last request: 0.000025 seconds.
  path: Assets/_Course Library/_Prefabs/Lighting/Lamp_Floor_Double.prefab
  artifactKey: Guid(69aae49632701c44c88f08dbcb7fe65e) Importer(815301076,1909f56bfc062723c751e8b465ee728b)
Start importing Assets/_Course Library/_Prefabs/Lighting/Lamp_Floor_Double.prefab using Guid(69aae49632701c44c88f08dbcb7fe65e) Importer(815301076,1909f56bfc062723c751e8b465ee728b) (PreviewImporter) -> (artifact id: '21d0cbab40e7570b4e953f74fa37d69a') in 0.0289175 seconds
Number of updated asset objects reloaded before import = 0Number of asset objects unloaded after import = 21

========================================================================
Received Import Request.
  Time since last request: 0.000043 seconds.
  path: Assets/_Course Library/_Prefabs/Lighting/Sconce_Candle.prefab
  artifactKey: Guid(f27745cf1181bd3448644af0f3dec7f4) Importer(815301076,1909f56bfc062723c751e8b465ee728b)
Start importing Assets/_Course Library/_Prefabs/Lighting/Sconce_Candle.prefab using Guid(f27745cf1181bd3448644af0f3dec7f4) Importer(815301076,1909f56bfc062723c751e8b465ee728b) (PreviewImporter) -> (artifact id: 'cd1c45536e09c2cc72cabe79a9774a14') in 0.0285704 seconds
Number of updated asset objects reloaded before import = 0Number of asset objects unloaded after import = 19

========================================================================
Received Import Request.
  Time since last request: 20.078845 seconds.
  path: Assets/_Course Library/_Prefabs/Objects/Books
  artifactKey: Guid(3cbb8ccc7318b4559993d9a2289cff49) Importer(815301076,1909f56bfc062723c751e8b465ee728b)
Start importing Assets/_Course Library/_Prefabs/Objects/Books using Guid(3cbb8ccc7318b4559993d9a2289cff49) Importer(815301076,1909f56bfc062723c751e8b465ee728b) (PreviewImporter) -> (artifact id: '16d5fdd4fd6a8a1c6342b7dc80674748') in 0.0008186 seconds
Number of updated asset objects reloaded before import = 0Number of asset objects unloaded after import = 0

========================================================================
Received Import Request.
  Time since last request: 0.105373 seconds.
  path: Assets/_Course Library/_Prefabs/Objects/Books/Book_A_Blue.prefab
  artifactKey: Guid(bf56d4dcf8c218b4fbd6fb8bb3c9b51d) Importer(815301076,1909f56bfc062723c751e8b465ee728b)
Start importing Assets/_Course Library/_Prefabs/Objects/Books/Book_A_Blue.prefab using Guid(bf56d4dcf8c218b4fbd6fb8bb3c9b51d) Importer(815301076,1909f56bfc062723c751e8b465ee728b) (PreviewImporter) -> (artifact id: '4303e676451c716fd3689147e7407273') in 0.0275598 seconds
Number of updated asset objects reloaded before import = 0Number of asset objects unloaded after import = 10

========================================================================
Received Import Request.
  Time since last request: 0.000025 seconds.
  path: Assets/_Course Library/_Prefabs/Objects/Books/Book_B_BrownRed.prefab
  artifactKey: Guid(7ba0db8bf8646c74a8b203a0409e51ed) Importer(815301076,1909f56bfc062723c751e8b465ee728b)
Start importing Assets/_Course Library/_Prefabs/Objects/Books/Book_B_BrownRed.prefab using Guid(7ba0db8bf8646c74a8b203a0409e51ed) Importer(815301076,1909f56bfc062723c751e8b465ee728b) (PreviewImporter) -> (artifact id: '452cfd47b953a8c10b292f4071d31c58') in 0.0353183 seconds
Number of updated asset objects reloaded before import = 0Number of asset objects unloaded after import = 10

========================================================================
Received Import Request.
  Time since last request: 0.000040 seconds.
  path: Assets/_Course Library/_Prefabs/Objects/Books/Book_C_Green.prefab
  artifactKey: Guid(aceac99ed0f74f443850d9a9365d671f) Importer(815301076,1909f56bfc062723c751e8b465ee728b)
Start importing Assets/_Course Library/_Prefabs/Objects/Books/Book_C_Green.prefab using Guid(aceac99ed0f74f443850d9a9365d671f) Importer(815301076,1909f56bfc062723c751e8b465ee728b) (PreviewImporter) -> (artifact id: '1e9129a2041f4af796fc2d2bdea58cd7') in 0.0304632 seconds
Number of updated asset objects reloaded before import = 0Number of asset objects unloaded after import = 10

========================================================================
Received Import Request.
  Time since last request: 4.899903 seconds.
  path: Assets/_Course Library/_Prefabs/Objects/Containers
  artifactKey: Guid(89f5870f666ba464b929436f58abc4a7) Importer(815301076,1909f56bfc062723c751e8b465ee728b)
Start importing Assets/_Course Library/_Prefabs/Objects/Containers using Guid(89f5870f666ba464b929436f58abc4a7) Importer(815301076,1909f56bfc062723c751e8b465ee728b) (PreviewImporter) -> (artifact id: '69374d74039951c5dbb495f81ff9fdc5') in 0.0006317 seconds
Number of updated asset objects reloaded before import = 0Number of asset objects unloaded after import = 0

========================================================================
Received Import Request.
  Time since last request: 0.083735 seconds.
  path: Assets/_Course Library/_Prefabs/Objects/Containers/Container_Bottle_Blue.prefab
  artifactKey: Guid(dc9d604fc9e605b4287415291cda0eb5) Importer(815301076,1909f56bfc062723c751e8b465ee728b)
Start importing Assets/_Course Library/_Prefabs/Objects/Containers/Container_Bottle_Blue.prefab using Guid(dc9d604fc9e605b4287415291cda0eb5) Importer(815301076,1909f56bfc062723c751e8b465ee728b) (PreviewImporter) -> (artifact id: 'a381a46081433d228e8024c96ef4636c') in 0.0221554 seconds
Number of updated asset objects reloaded before import = 0Number of asset objects unloaded after import = 19

========================================================================
Received Import Request.
  Time since last request: 0.000024 seconds.
  path: Assets/_Course Library/_Prefabs/Objects/Containers/Container_WateringCan_Blue.prefab
  artifactKey: Guid(97d5ec2098013934bb7e8de14095cfa8) Importer(815301076,1909f56bfc062723c751e8b465ee728b)
Start importing Assets/_Course Library/_Prefabs/Objects/Containers/Container_WateringCan_Blue.prefab using Guid(97d5ec2098013934bb7e8de14095cfa8) Importer(815301076,1909f56bfc062723c751e8b465ee728b) (PreviewImporter) -> (artifact id: 'c48173199e6973169f1c4cdf9e986782') in 0.0307835 seconds
Number of updated asset objects reloaded before import = 0Number of asset objects unloaded after import = 10

========================================================================
Received Import Request.
  Time since last request: 56.990083 seconds.
  path: Assets/_Course Library/_Prefabs/Objects/Launchers
  artifactKey: Guid(89034340089a344c8818c08b8f573b3b) Importer(815301076,1909f56bfc062723c751e8b465ee728b)
Start importing Assets/_Course Library/_Prefabs/Objects/Launchers using Guid(89034340089a344c8818c08b8f573b3b) Importer(815301076,1909f56bfc062723c751e8b465ee728b) (PreviewImporter) -> (artifact id: '00dba101c27082385612f50b9341e6cc') in 0.0006856 seconds
Number of updated asset objects reloaded before import = 0Number of asset objects unloaded after import = 0

========================================================================
Received Import Request.
  Time since last request: 0.000021 seconds.
  path: Assets/_Course Library/_Prefabs/Objects/Launchers/Launcher_DartGun.prefab
  artifactKey: Guid(c7826a319a7803941adc8f0a090f1f38) Importer(815301076,1909f56bfc062723c751e8b465ee728b)
Start importing Assets/_Course Library/_Prefabs/Objects/Launchers/Launcher_DartGun.prefab using Guid(c7826a319a7803941adc8f0a090f1f38) Importer(815301076,1909f56bfc062723c751e8b465ee728b) (PreviewImporter) -> (artifact id: 'cc9b4bc35affc9cd2b83ac727a9d68bf') in 0.0258598 seconds
Number of updated asset objects reloaded before import = 0Number of asset objects unloaded after import = 22

========================================================================
Received Import Request.
  Time since last request: 4.210079 seconds.
  path: Assets/_Course Library/_Prefabs/Objects/Miscellaneous
  artifactKey: Guid(ce339bb669f5641919b0aa8ee552e139) Importer(815301076,1909f56bfc062723c751e8b465ee728b)
Start importing Assets/_Course Library/_Prefabs/Objects/Miscellaneous using Guid(ce339bb669f5641919b0aa8ee552e139) Importer(815301076,1909f56bfc062723c751e8b465ee728b) (PreviewImporter) -> (artifact id: 'd802772158c666763e83b3a07a63519d') in 0.0005623 seconds
Number of updated asset objects reloaded before import = 0Number of asset objects unloaded after import = 0

========================================================================
Received Import Request.
  Time since last request: 0.161230 seconds.
  path: Assets/_Course Library/_Prefabs/Objects/Miscellaneous/Lighter_Candle_Blue.prefab
  artifactKey: Guid(b260445a5b0da4bbba6645bba66a124f) Importer(815301076,1909f56bfc062723c751e8b465ee728b)
Start importing Assets/_Course Library/_Prefabs/Objects/Miscellaneous/Lighter_Candle_Blue.prefab using Guid(b260445a5b0da4bbba6645bba66a124f) Importer(815301076,1909f56bfc062723c751e8b465ee728b) (PreviewImporter) -> (artifact id: '9d7a4339d10f6732e08c12b8d71ad5f3') in 0.0284669 seconds
Number of updated asset objects reloaded before import = 0Number of asset objects unloaded after import = 10

========================================================================
Received Import Request.
  Time since last request: 4.497013 seconds.
  path: Assets/_Course Library/_Prefabs/Objects/Speakers
  artifactKey: Guid(c26a1178122a448e7a138e9af6f11ea6) Importer(815301076,1909f56bfc062723c751e8b465ee728b)
Start importing Assets/_Course Library/_Prefabs/Objects/Speakers using Guid(c26a1178122a448e7a138e9af6f11ea6) Importer(815301076,1909f56bfc062723c751e8b465ee728b) (PreviewImporter) -> (artifact id: '7cc606fde42adebfa93fcb2328c270d1') in 0.0006106 seconds
Number of updated asset objects reloaded before import = 0Number of asset objects unloaded after import = 0

========================================================================
Received Import Request.
  Time since last request: 0.108702 seconds.
  path: Assets/_Course Library/_Prefabs/Objects/Speakers/Speaker_Boombox.prefab
  artifactKey: Guid(b1537290f47c63744ac10546e5a71f18) Importer(815301076,1909f56bfc062723c751e8b465ee728b)
Start importing Assets/_Course Library/_Prefabs/Objects/Speakers/Speaker_Boombox.prefab using Guid(b1537290f47c63744ac10546e5a71f18) Importer(815301076,1909f56bfc062723c751e8b465ee728b) (PreviewImporter) -> (artifact id: '144609609e388a042a40d146ad157f8e') in 0.037257 seconds
Number of updated asset objects reloaded before import = 0Number of asset objects unloaded after import = 18

========================================================================
Received Import Request.
  Time since last request: 0.000024 seconds.
  path: Assets/_Course Library/_Prefabs/Objects/Speakers/Speaker_RecordPlayer_Record_Red.prefab
  artifactKey: Guid(1af25b8b5da9b46a08e6afc037ce95de) Importer(815301076,1909f56bfc062723c751e8b465ee728b)
Start importing Assets/_Course Library/_Prefabs/Objects/Speakers/Speaker_RecordPlayer_Record_Red.prefab using Guid(1af25b8b5da9b46a08e6afc037ce95de) Importer(815301076,1909f56bfc062723c751e8b465ee728b) (PreviewImporter) -> (artifact id: '57c0ea2368836dc8b1a87261cea82b45') in 0.0217909 seconds
Number of updated asset objects reloaded before import = 0Number of asset objects unloaded after import = 10

========================================================================
Received Import Request.
  Time since last request: 37.119363 seconds.
  path: Assets/_Course Library/_Prefabs/Storage
  artifactKey: Guid(f8e9d7c214ea04efab617583a3b27541) Importer(815301076,1909f56bfc062723c751e8b465ee728b)
Start importing Assets/_Course Library/_Prefabs/Storage using Guid(f8e9d7c214ea04efab617583a3b27541) Importer(815301076,1909f56bfc062723c751e8b465ee728b) (PreviewImporter) -> (artifact id: 'f0d8bfcb4a0b57fea5f557b0aef784f4') in 0.0007508 seconds
Number of updated asset objects reloaded before import = 0Number of asset objects unloaded after import = 0

========================================================================
Received Import Request.
  Time since last request: 0.075105 seconds.
  path: Assets/_Course Library/_Prefabs/Storage/Cabinet_Modern_Brown.prefab
  artifactKey: Guid(7ba515d790385a04b99ed3faa24d19ba) Importer(815301076,1909f56bfc062723c751e8b465ee728b)
Start importing Assets/_Course Library/_Prefabs/Storage/Cabinet_Modern_Brown.prefab using Guid(7ba515d790385a04b99ed3faa24d19ba) Importer(815301076,1909f56bfc062723c751e8b465ee728b) (PreviewImporter) -> (artifact id: 'f05d89a6877ed1c15311509ff1ad16fe') in 0.0313322 seconds
Number of updated asset objects reloaded before import = 0Number of asset objects unloaded after import = 43

========================================================================
Received Import Request.
  Time since last request: 0.000020 seconds.
  path: Assets/_Course Library/_Prefabs/Storage/Chest_Modern_Light.prefab
  artifactKey: Guid(38340d4a0ac59e14dba87194143b1881) Importer(815301076,1909f56bfc062723c751e8b465ee728b)
Start importing Assets/_Course Library/_Prefabs/Storage/Chest_Modern_Light.prefab using Guid(38340d4a0ac59e14dba87194143b1881) Importer(815301076,1909f56bfc062723c751e8b465ee728b) (PreviewImporter) -> (artifact id: '0e463921702c4d1598a37a435e7faec1') in 0.04302 seconds
Number of updated asset objects reloaded before import = 0Number of asset objects unloaded after import = 24

========================================================================
Received Import Request.
  Time since last request: 0.000022 seconds.
  path: Assets/_Course Library/_Prefabs/Storage/Shelving_Modern_Gray.prefab
  artifactKey: Guid(9cba3f19103249f49a089c693f633e19) Importer(815301076,1909f56bfc062723c751e8b465ee728b)
Start importing Assets/_Course Library/_Prefabs/Storage/Shelving_Modern_Gray.prefab using Guid(9cba3f19103249f49a089c693f633e19) Importer(815301076,1909f56bfc062723c751e8b465ee728b) (PreviewImporter) -> (artifact id: '0bd60cb4a0449f849b14391f65f56097') in 0.0254159 seconds
Number of updated asset objects reloaded before import = 0Number of asset objects unloaded after import = 21

========================================================================
Received Import Request.
  Time since last request: 37.904892 seconds.
  path: Assets/_Course Library/_Prefabs/Testing
  artifactKey: Guid(f59098e71617647aea3fb5e02bb02e30) Importer(815301076,1909f56bfc062723c751e8b465ee728b)
Start importing Assets/_Course Library/_Prefabs/Testing using Guid(f59098e71617647aea3fb5e02bb02e30) Importer(815301076,1909f56bfc062723c751e8b465ee728b) (PreviewImporter) -> (artifact id: '4be2ee2bd0328b3a5002cc8a556ea928') in 0.0006282 seconds
Number of updated asset objects reloaded before import = 0Number of asset objects unloaded after import = 0

========================================================================
Received Import Request.
  Time since last request: 0.128751 seconds.
  path: Assets/_Course Library/_Prefabs/Testing/FPS Overlay UI.prefab
  artifactKey: Guid(523386755330448b19a21a0dfa93a499) Importer(815301076,1909f56bfc062723c751e8b465ee728b)
Start importing Assets/_Course Library/_Prefabs/Testing/FPS Overlay UI.prefab using Guid(523386755330448b19a21a0dfa93a499) Importer(815301076,1909f56bfc062723c751e8b465ee728b) (PreviewImporter) -> (artifact id: 'e4c1874d7e8ca661eaf6227031717ca0') in 0.0525261 seconds
Number of updated asset objects reloaded before import = 0Number of asset objects unloaded after import = 24

========================================================================
Received Import Request.
  Time since last request: 2.888446 seconds.
  path: Assets/_Course Library/_Prefabs/VR
  artifactKey: Guid(bf714010cdfb44373868ddb2da4e8958) Importer(815301076,1909f56bfc062723c751e8b465ee728b)
Start importing Assets/_Course Library/_Prefabs/VR using Guid(bf714010cdfb44373868ddb2da4e8958) Importer(815301076,1909f56bfc062723c751e8b465ee728b) (PreviewImporter) -> (artifact id: '1acebd498e4a7ed41db7690571694082') in 0.0006365 seconds
Number of updated asset objects reloaded before import = 0Number of asset objects unloaded after import = 0

========================================================================
Received Import Request.
  Time since last request: 92.536894 seconds.
  path: Assets/_Course Library/_Prefabs/Plants
  artifactKey: Guid(b338f95acde9148fda20257876334e51) Importer(815301076,1909f56bfc062723c751e8b465ee728b)
Start importing Assets/_Course Library/_Prefabs/Plants using Guid(b338f95acde9148fda20257876334e51) Importer(815301076,1909f56bfc062723c751e8b465ee728b) (PreviewImporter) -> (artifact id: '7775e11bd8effb9bedaa82ec4a7a6347') in 0.0006161 seconds
Number of updated asset objects reloaded before import = 0Number of asset objects unloaded after import = 0

========================================================================
Received Import Request.
  Time since last request: 0.031141 seconds.
  path: Assets/_Course Library/_Prefabs/Plants/Plant_A.prefab
  artifactKey: Guid(e8f8deb5a30624e479e669f8e64613b8) Importer(815301076,1909f56bfc062723c751e8b465ee728b)
Start importing Assets/_Course Library/_Prefabs/Plants/Plant_A.prefab using Guid(e8f8deb5a30624e479e669f8e64613b8) Importer(815301076,1909f56bfc062723c751e8b465ee728b) (PreviewImporter) -> (artifact id: 'c88a42cdfd0bc2e1ead6737d9e7a67ae') in 0.043243 seconds
Number of updated asset objects reloaded before import = 0Number of asset objects unloaded after import = 32

========================================================================
Received Import Request.
  Time since last request: 15.217890 seconds.
  path: Assets/_Course Library/_Prefabs/Tables
  artifactKey: Guid(4dfaf0605da184b6cb1a709b106e0711) Importer(815301076,1909f56bfc062723c751e8b465ee728b)
Start importing Assets/_Course Library/_Prefabs/Tables using Guid(4dfaf0605da184b6cb1a709b106e0711) Importer(815301076,1909f56bfc062723c751e8b465ee728b) (PreviewImporter) -> (artifact id: '72f911b26fd9dc6d4b36a571d007d23b') in 0.0006203 seconds
Number of updated asset objects reloaded before import = 0Number of asset objects unloaded after import = 0

========================================================================
Received Import Request.
  Time since last request: 0.099366 seconds.
  path: Assets/_Course Library/_Prefabs/Tables/Table_Coffee_Modern.prefab
  artifactKey: Guid(a35b0267215e7e946a2a8f481f48fbbc) Importer(815301076,1909f56bfc062723c751e8b465ee728b)
Start importing Assets/_Course Library/_Prefabs/Tables/Table_Coffee_Modern.prefab using Guid(a35b0267215e7e946a2a8f481f48fbbc) Importer(815301076,1909f56bfc062723c751e8b465ee728b) (PreviewImporter) -> (artifact id: '8539772dcbfeb9ec67d6329a03ac9d70') in 0.0226213 seconds
Number of updated asset objects reloaded before import = 0Number of asset objects unloaded after import = 13

========================================================================
Received Import Request.
  Time since last request: 0.000023 seconds.
  path: Assets/_Course Library/_Prefabs/Tables/Table_Dining_Modern_Dark.prefab
  artifactKey: Guid(12c3467b95c7e5c4b9c2f42733663d2c) Importer(815301076,1909f56bfc062723c751e8b465ee728b)
Start importing Assets/_Course Library/_Prefabs/Tables/Table_Dining_Modern_Dark.prefab using Guid(12c3467b95c7e5c4b9c2f42733663d2c) Importer(815301076,1909f56bfc062723c751e8b465ee728b) (PreviewImporter) -> (artifact id: '2e95d794ac9c8e338ebeaab479c48923') in 0.0309487 seconds
Number of updated asset objects reloaded before import = 0Number of asset objects unloaded after import = 25

========================================================================
Received Import Request.
  Time since last request: 0.000021 seconds.
  path: Assets/_Course Library/_Prefabs/Tables/Table_Side_Traditional.prefab
  artifactKey: Guid(2f20e9b17e3c892419d73072a4223c83) Importer(815301076,1909f56bfc062723c751e8b465ee728b)
Start importing Assets/_Course Library/_Prefabs/Tables/Table_Side_Traditional.prefab using Guid(2f20e9b17e3c892419d73072a4223c83) Importer(815301076,1909f56bfc062723c751e8b465ee728b) (PreviewImporter) -> (artifact id: '0861cfe56574afcf773fdb921ac748ee') in 0.0332929 seconds
Number of updated asset objects reloaded before import = 0Number of asset objects unloaded after import = 28

========================================================================
Received Import Request.
  Time since last request: 0.000024 seconds.
  path: Assets/_Course Library/_Prefabs/Tables/Table_Side_Modern_Brown.prefab
  artifactKey: Guid(b5dd15abea9c3644abf1d3bd1a7f646d) Importer(815301076,1909f56bfc062723c751e8b465ee728b)
Start importing Assets/_Course Library/_Prefabs/Tables/Table_Side_Modern_Brown.prefab using Guid(b5dd15abea9c3644abf1d3bd1a7f646d) Importer(815301076,1909f56bfc062723c751e8b465ee728b) (PreviewImporter) -> (artifact id: '736006e5a1c300c408acfa63d3c6823c') in 0.0270868 seconds
Number of updated asset objects reloaded before import = 0Number of asset objects unloaded after import = 27

Editor requested this worker to shutdown with reason: Scaling down because of idle timeout
AssetImportWorker is now disconnected from the server
Process exiting
Exiting without the bug reporter. Application will terminate with return code 0